unloading bzip2 version 1.0.8
unloading libiconv version 1.16
unloading libunistring version 0.9.10
unloading libidn2 version 2.3.0
unloading openssl version 1.1.1l
unloading curl version 7.83.0
unloading icu4c version 67.1
unloading openjdk version 11.0.12_7
unloading pcre2 version 10.36
unloading ncurses version 6.2
unloading readline version 8.1
unloading texlive version 20220000
unloading which version 2.21
unloading xz version 5.2.5
unloading zlib version 1.2.11
unloading r version 4.2.0
loading bzip2 version 1.0.8
loading libiconv version 1.16
loading libunistring version 0.9.10
loading libidn2 version 2.3.0
loading zlib version 1.2.11
loading openssl version 1.1.1l
loading curl version 7.83.0
loading icu4c version 67.1
loading ncurses version 6.2
loading openjdk version 11.0.12_7
loading pcre2 version 10.36
loading readline version 8.1
loading texlive version 20220000
loading which version 2.21
loading xz version 5.2.5
loading r version 4.2.0

Attaching package: ‘dplyr’

The following objects are masked from ‘package:stats’:

    filter, lag

The following objects are masked from ‘package:base’:

    intersect, setdiff, setequal, union

Loading required package: ggplot2
Loading required package: lattice
Loading required package: Matrix
Loaded glmnet 4.1-8
Loading required package: foreach
Loading required package: iterators
Loading required package: parallel
Joining with `by = join_by(nr, AADAC, AANAT, ABCA1, ACAA1, ACACA, ACACB, ACADM,
ACADVL, ACAT1, ACP1, ACTG2, ADAM10, ADARB1, ADCY3, ADD3, ADH1A, ADH1C, ADH4,
ADK, AFG3L1P, ACAN, AGT, AHSG, ALAD, ALAS1, ALDH1A1, ALDOA, ALDOC, ALOX12,
ALOX15B, ALPP, AMPD1, ANK1, ANK2, ANPEP, ANXA4, APBA2, APOE, ARG1, ARSB, STS,
ASAH1, ASCL2, ASL, ASPH, SERPINC1, ATOX1, ATP1B1, ATP5ME, ATP5PF, ATP6V0C,
ATP7A, ATP7B, AUP1, AXL, B2M, BAD, BAK1, BBS1, BCAT2, TNFRSF17, HCN2, BMP1,
BMP8B, BMPR1A, BNIP1, BNIP2, BST2, KLF9, BUB1, TSPO, CAPN5, C8B, CFAP410, CA4,
CALCR, CALR, CAPG, CAPN2, CAPS, CBFA2T3, CBR1, CCNG1, CCNH, CD14, MS4A3, CD38,
CD58, CDH13, CEBPG, CEACAM4, CHIT1, CHRNA1, CHRNA5, AP2S1, CLCN7, CLU, TPP1,
CLTA, CCR3, CCR5, CNGA1, CNGA4, PLK3, CNN3, COL4A5, COL5A1, COL8A2, COL9A2,
COL15A1, SLC31A1, COX5B, CPE, CPOX, CRABP2, CRIP2, CRKL, CSNK1G3, NCAN, CSPG4,
CTLA4, CTNNA1, CTNNA2, CTPS1, CTSD, CTSK, CTSL, CTSO, CYB561, CYP2C19, CYP2C8,
DGKG, DBH, ECI1, ACE, DDX11, DEFA4, DFFA, COCH, DGUOK, DHCR7, DHFR, NQO1, DLG2,
DLG3, DMD, SARDH, DMPK, DNAH8, DYNC1I2, DNMT3B, DPP4, DPYD, DRG2, ARID3A, DSP,
ECM2, TOR1A, E2F5, E2F6, TYMP, S1PR3, EDNRB, EFNA4, EGF, MEGF8, EPHA2, ELF2,
EML1, EMD, EMP2, EMX2, ENG, EPHA4, EPHB4, EPHX1, STX2, CLN8, EPS8, EPS15,
ERBB3, EYA4, ERG, ESR1, ETFDH, ETV1, MECOM, EVPL, EXT1, EYA1, F2, F2RL1, F3,
F5, F8, F11, F13A1, FABP3, ACSL4, FBLN2, EFEMP1, MS4A2, FCGR2A, FCGRT, FKTN,
FEN1, FES, FGF11, FGF13, FGFR3, FKBP4, FOXI1, FOXC2, FLI1, FLII, FLNB, FLT3,
FMO1, FMOD, AFF2, FN1, FOLR1, FOS, FPR2, FXN, FRK, FUT7, FUT8, ACKR1, GABPB1,
GALNS, GALNT1, GALT, GAS6, GATM, GBP3, GCDH, GDF10, GFAP, GFER, GFI1, GFPT1,
GFRA3, GGTA1, GIPR, GJB2, GJB3, GK, GLDC, GLI1, GLI3, GLI4, GLUL, GNB1, CXCR3,
UTS2R, LPAR4, GRK5, GPX7, GRB10, GRN, GRIK4, GRIN2A, GRM2, GRM3, GRM4, GSN,
GSTM4, GTF2A2, GTF2H4, GUSB, GUCY2D, HSD17B10, HAGH, HAS1, SERPIND1, HELLS,
HGF, UBE2K, HK3, ZBTB48, `HLA-DPB2`, `HLA-DRB1`, HLF, HLX, HMGN1, FOXA2, HNMT,
SLC29A2, HNRNPH3, HOXA3, HOXB2, HPN, HPRT1, AGFG2, HSD3B1, HSPA5, HSPE1,
DNAJC4, HSPG2, NDST1, HTR7, ICAM1, IDH1, IDUA, CFI, IFI35, IFNG, IGF1R, IGFALS,
IGFBP3, IGFBP5, IGFBP6, IL4R, IL6ST, IL7, IL9R, IL12A, IL12RB2, IL15, TNFRSF9,
INPP5B, IPP, ITGA1, ITGA7, ITGAM, ITGB7, ITIH1, ITIH3, JUP, CD82, KCNA5, KCNC3,
KCNC4, KCNE1, KCNJ10, KCNN4, KCNQ2, KIT, KIF25, TNPO1, KRT1, KRT2, KRT5, L1CAM,
LAG3, LAMC2, LETM1, LGALS1, LGALS3BP, LGALS8, LIF, LIG4, LIPC, LIPE, FADS3,
LLGL1, LMO2, LPP, CYP4F3, LYN, EPCAM, MXD1, SMAD2, SMAD5, SMAD7, MAN1A1,
MAN2A2, MANBA, MAP2, MAS1, MAX, MCAM, MCM7, CD46, ADAM11, ME1, MEA1, MEF2C,
RAB8A, MEN1, MEOX2, MFAP4, MGAT2, MGAT5, MIA2, MGST1, MICB, MLF1, AFDN, CD200,
ABCC1, MT1F, MT1G, MT1X, MTHFR, MTIF2, MUSK, MUTYH, MVD, MYBPC3, GADD45B, MYL4,
MYL5, MYO1C, MYO1E, MYO7B, MYO10, NAP1L2, NDUFA1, NDUFA2, NDUFA3, NDUFA4,
NDUFA8, NDUFAB1, NDUFB6, NDUFB7, NDUFB10, NDUFC1, NEDD4, NEFL, NFKBIB, NFYB,
NID1, NOS1, CNOT3, NPAS1, NPAT, NPC1, NPR3, NPTX1, NTRK3, NUCB2, NVL,
SLC22A18AS, OVOL1, OXCT1, P2RX1, P2RX4, PABPC3, FURIN, PBX1, PCBD1, PCCB, PCK1,
PCK2, PCMT1, PCNA, PCNT, CHMP1A, CDK17, PDE4A, PDE9A, PDE6B, PDK4, GATB, PEX10,
PEX14, PFKFB4, PGM1, ABCB4, PHKB, PHKG1, PHKG2, SERPINI2, PIGA, PIP4K2A, PKHD1,
PKP2, PLA2G2A, PLAG1, PLCD1, PLD1, PLG, PLS1, PNLIP, PNN, POLD1, POLD2, POLE,
POLE2, POLH, POLR2D, POLR2H, POLR2I, POLRMT, PPA1, PPIC, PPID, PPP1R3D,
PPP2R5B, PPP4C, PRKAB1, PRKACB, PKIB, PRKG1, MAPK3, MAPK7, MAPK10, DNAJC3,
PROS1, PROX1, KLK10, PSD, PSKH1, PSMD2, PTAFR, PTGDR, PTGS1, PTPN3, PTPN13,
PTPN14, PTPRB, PTPRF, PTPRK, PTPRN2, PTPRO, ABCD4, PEX5, PYCR1, PCYT2, PYGL,
PYGM, RAB1A, RGL2, RAB6A, RAB13, RABIF, RAD51, RAD51B, RAD51D, RANGAP1,
RAP1GAP, RASGRF2, RBL1, RCN2, RDX, RELB, REN, RFXAP, RGS12, RGS13, RING1,
ROBO1, ROBO2, RORC, RP9, RPA3, MRPL12, RRBP1, RSU1, RXRB, RYK, RYR2, S100A2,
S100P, SC5D, CLEC11A, SCML1, SCN9A, SCNN1A, SCP2, CCL1, CCL2, CCL19, CCL21,
CCL22, CCL24, SEL1L, SEMG1, SELENOW, SFRP2, SFTPC, SGCD, ITSN1, ST6GAL1,
ST3GAL4, ST8SIA1, SKP1, SLC1A1, SLC4A2, SLC5A2, SLC6A9, SLC7A1, SLC7A2,
SLC34A1, SLC18A2, SLC19A1, SLC25A1, SLCO1A2, HLTF, SNAPC4, SNRPG, SNTA1, SOX5,
SPINK1, SPP1, SPR, SPTB, SRI, SREBF1, SSTR2, ST14, STAU1, STK3, STX4, SURF4,
MED22, SVIL, VAMP7, TBXT, ADAM17, TAF4B, TAF6, TAF11, TAP2, TAFAZZIN, TBX2,
TCEA2, TCEA3, ELOC, TCF3, TCF15, ZNF354A, TCN1, TCN2, DYNLT2, DYNLT1, TEC,
TMBIM6, NR2F1, TFPI, TFR2, TG, TGFB2, THBD, THRB, THRSP, TIMP4, TLN1, TNNI2,
TNNT1, TNS1, TPH1, TPM2, TPO, TRAF2, TRHR, TRPM2, TSHR, PHLDA2, GFUS, TTF1,
TWIST1, TNFSF4, UBE2H, UCHL1, UCN, UFD1, COL14A1, UNG, NR1H2, USF2, USH2A,
VCAM1, VDAC3, VDR, VEGFA, VIPR2, VWF, WNT1, XPNPEP2, XPO1, XRCC2, XRCC3, XRCC4,
YES1, ZNF10, ZNF22, ZNF32, ZNF35, ZSCAN21, ZNF74, ZNF75D, ZNF79, ZNF80, ZNF85,
ZNF124, MKRN3, ZNF138, PCGF2, ZBTB16, ZBTB17, ZNF157, ZNF174, ZNF175, ZNF185,
ZMYM2, ZNF200, ZNF208, ZNF223, ZNF226, ZNF230, ZNF236, SLC30A1, MOGS, REEP5,
SLC39A7, SEM1, PSCA, NR4A3, STAM, ADAM12, RASSF7, FOSL1, PTP4A2, MFAP5, YEATS4,
GPR68, ST8SIA2, ZNF239, LZTR1, SYN3, GTPBP6, AKAP17A, TMEM187, LAGE3, SLC10A3,
KDM5D, SNN, ACOX2, ACOX3, H2BC14, HYAL3, RECK, DOC2B, DHX16, ATRN, TTF2, TPST2,
HIRIP3, RGS5, PKP4, PIK3R3, CYP4F2, COPS3, BARX2, TCAP, DEGS1, STK16, SCARF1,
RUVBL1, RDH16, JRK, SSNA1, AKR1C3, ABCB11, SOCS1, SLC4A4, VAMP8, VAMP4, JRKL,
B4GALT4, MBTPS1, CTSF, SNX4, HRK, ADAM23, RGS11, TNFRSF11A, TNFRSF10B,
TNFRSF10A, SUCLA2, INPP4B, CD84, GGH, CCN5, KSR1, FCGBP, APLN, ST3GAL5, SYNJ2,
NAE1, CACNA1I, TIMELESS, SKAP2, WASF1, MPZL1, PAPSS1, MAP3K6, LDB2, USP2,
USP10, MTA1, P2RX6, PRPF3, KCNQ4, CCNB2, RRP9, DYRK1B, DGKI, REPS2, SLC24A1,
KCNAB3, ZMYM5, DLGAP2, RAB11B, ZBTB22, S1PR2, HMGN3, CD163, B4GALT5, TCEAL1,
VAMP3, KL, NRXN3, RECQL5, TJP2, KCNK6, ABCG2, MED7, GSTO1, EIF2AK3, GGPS1,
HOMER3, FHL5, PICK1, IL27RA, PCYT1B, MED20, PGS1, AKAP5, SLC4A8, ADAMTS4,
ADAMTS2, SPTLC2, GDF15, TBPL1, EEF1E1, SCAMP1, BAG3, BAG2, ZNF254, TP53I11,
TP53I3, SPAG7, ATP5MJ, MINPP1, CDC42BPB, SOX13, RBM39, PRDX6, RAB36, TRAF4,
SNCAIP, FEZ2, IKBKE, MORF4L2, RALGPS1, TTLL4, SOCS5, ZNF432, IPO13, DEPDC5,
TRAM2, DHX34, DOCK4, HDAC9, CCP110, CLSTN3, SUSD6, JADE3, PCLAF, RAPGEF5,
CKAP5, SFI1, KEAP1, LCMT2, LRIG2, PSMD6, TLK1, TELO2, TECPR2, SGSM2, G3BP2,
ATP2C2, HS3ST1, NR1I3, NR1H4, AKT3, NR2E3, ABI1, KCNE3, HDAC6, FRAT1, HMGXB4,
SH2D3A, DNAJB6, SMC4, ABCC5, COX17, DPP3, TSPAN32, PDCD7, EDIL3, KCNK7, TSPAN3,
NUBP2, TSFM, TRIM10, PREB, TRAP1, YAF2, FAM13A, ABI2, ZNF256, TENM1, RBM6,
LHFPL2, TXNDC9, MPZL2, PSMD14, GDF11, TRIB1, GPA33, PLIN3, COQ7, SLC35B1,
MRPS31, RABEPK, ABCC4, EIF1B, BCKDK, PAK4, SNAPC5, EMC8, TLR6, ABCA8, HMG20B,
SYCP2, CORO2B, ANAPC10, DLC1, PEMT, WFDC2, UBAC1, CFDP1, TMEM147, OLFM1,
N4BP2L2, ZER1, PPIE, ECI2, PIBF1, TADA3, UBE2E3, SEC23A, ZNF211, DEAF1, NEBL,
DCTN2, ANP32B, HTATIP2, SLC35A1, SLC19A2, CCT2, SMC2, SLCO1B1, ERLIN1, DCTN6,
TNFSF13B, CSPG5, POLQ, NFAT5, RBBP9, PHTF1, KIF1C, CHL1, ZNF234, NCKAP1, FRS3,
PGRMC1, CYP46A1, HCST, ME3, GPR83, MMP24, YIF1A, RUNDC3A, BRD8, TRAFD1, TXNL4A,
UTS2, MAGED2, DBF4, SRSF8, APOBEC2, POP1, STARD3, CBX1, MLLT11, CLP1, MAPRE2,
LILRB5, SLC38A3, SLC27A4, KIF2C, TLK2, KDELR2, SNRNP27, DSTN, RIPK3, MID2,
SLC35D2, SNRNP35, CYB561D2, TRIOBP, RER1, NUP42, PRDM7, HIBADH, CEP43, BTN2A1,
KIF3A, CLASRP, ERLIN2, INMT, PKP3, NISCH, CELF3, WBP4, AKAP10, DUSP10, GALNT6,
HRH3, PXMP4, DUSP12, KLF8, MGLL, SYNPO, ITGA11, MRAS, RASA3, ENPP4, INPP5F,
WDR37, ZNF365, ARHGEF15, SBNO2, WDR47, RAB3GAP1, ELL2, SNW1, DKK1, PTGR1,
SLC4A1AP, TRIM32, PAXIP1, AKR7A3, NT5C2, MAPKBP1, EXOSC7, TMCC1, KDM4B, WDTC1,
ZHX3, CLUAP1, CAND2, ERP44, TRIM35, PEG10, KIF1B, SPART, CAMTA2, N4BP3, ZC3H3,
NCDN, SEPTIN6, SEPTIN8, MESD, KANK1, UBXN4, CYFIP1, ATG4B, ACSBG1, JMJD6, RRS1,
DTX4, TBC1D12, SIK2, ANKRD28, ASTN2, ANKRD12, CLUH, ANKS1A, SIN3B, TRIM2,
USP22, ANGEL1, ZNF629, AHCYL2, NCSTN, LARS2, PIP5K1C, KCNH3, HARS2, SLC35A3,
ABCB10, GCAT, SEC11A, ISCU, HAAO, SUZ12, CLCF1, SEC14L2, ATP6V0A2, DNPEP,
TSPAN12, PIGN, WBP2, DDAH2, VSIG2, ELP5, ACOT9, AMACR, DAPK2, CD2AP, BACE1,
CBLC, FAM89B, KCNE5, SSBP2, DNAAF11, LDOC1, LY96, SSBP3, ZKSCAN5, SH3BP4,
OSBP2, MTCH2, LAMP5, CFAP45, ATXN10, DNAJB5, TMEM184B, ZNF345, MPC2, ZNF473,
CCDC28A, CNOT10, RTTN, NDUFAF3, NELFB, ZNF521, PNKD, KANK2, KRT23, ZZZ3, TENM4,
NSMF, LRP10, TMEM98, HACL1, RAI14, DCAF4, TCTN3, TRAF3IP1, NAT9, MTG2, INTS1,
PHGDH, FBXL6, CABYR, TSPAN17, VPS33B, EHF, FAM162A, PTPN18, PPP1R14B, NARF,
SLC17A5, CHIC2, RGS17, SRPK3, NUFIP1, STEAP1, OPLAH, RNF11, TRUB2, DNAJC2,
NPTN, MLH3, ATP2C1, ZBTB32, ACAD8, DAPP1, RPUSD2, UQCRQ, EIF2AK1, DMAC2L,
PDE7B, DKK3, CIDEB, NDOR1, SIGLEC9, ERLEC1, LSM1, VENTX, PGAP2, P2RY10, RRP7A,
POLL, HDHD5, NKIRAS2, NKIRAS1, MRPS28, COA3, TMEM176B, DCPS, SPCS1, ACAD9,
IFT81, MCTS1, COMMD5, HIPK2, SLC43A3, ZCCHC4, ZC3H7A, C1GALT1C1, MRPL18,
CCDC59, METTL5, GTPBP8, PHPT1, BABAM1, STXBP6, MRPL22, LGALSL, DNAJC15, N6AMT1,
CFAP20, SCG3, CTNNA3, ANKRD11, CD274, NCAPH2, UBN1, ALG5, CCDC106, SNX11, EPN1,
ALG6, RPA4, NENF, PNMA3, OSGIN1, SERTAD1, DPP7, CERS2, UBQLN1, RHOD, BICRA,
SLC40A1, HUNK, NOX4, UBQLN3, IL21R, GEMIN4, ARHGEF4, ASAP1, AK3, COPS7A, NSDHL,
IMPG2, FOXP3, SHANK1, DERL2, EXOSC3, FAHD2A, MRPS18C, BOLA1, LAP3, TXNDC12,
TXNDC11, RPS27L, NMD3, APIP, THAP4, UTP18, ZC2HC1A, ABHD17B, TFB1M, COQ4,
IRAK4, MRNIP, SDF4, MRTO4, SERPINA10, ZNF580, EGFL7, DBR1, MYO15A, NAGPA, HAO2,
DCXR, CRBN, SS18L2, HERC5, CKLF, NIN, CLDN18, VRK3, DRICH1, MRPL37, RNF181,
TMEM216, PBDC1, CDKL3, UBAP1, C1RL, CEND1, COA4, CD320, SLC22A17, RSRC1,
TNFRSF12A, SPTBN5, DACT1, TEX264, WNT16, AIG1, SNX9, SUCO, ANAPC7, FAM8A1,
LCMT1, REV1, DCDC2, TRIAP1, NCKIPSD, TMEM14C, PHF7, PPHLN1, MTFP1, CINP, RAB14,
ACKR4, AZIN1, PIAS4, LIPT1, GET4, TMBIM4, YPEL5, STYXL1, MPC1, ASB2, LSM8,
EMCN, CYB5R1, FBXO40, DNAJB11, CMPK1, MSRB1, SYT17, ATP8A2, RSF1, NUDT9,
TM6SF1, NUP54, CLIC5, PRKAG3, C11orf24, SLCO1C1, PPIL3, PCBP3, MIS18A, TSPEAR,
SETD4, FAM3B, RIPK4, NANS, SIAE, SH3TC1, RIN2, ARMCX6, NLE1, ZDHHC13, DHX29,
GNL3L, ING3, CRLS1, CROT, P4HTM, TMED9, EPDR1, PCSK4, NSMCE4A, ALKBH4, KCTD9,
TRIT1, ZNF586, GIN1, ASPN, BIVM, SIDT1, DEF8, FBXL12, GPATCH4, MTMR10, DNAAF5,
DUS2, TMEM161A, ABITRAM, TRNAU1AP, C1orf109, GEMIN8, THG1L, ADISSP, C2orf42,
OXSM, TESC, TUG1, TTC22, PAK1IP1, FAM174C, STX17, C14orf119, C17orf80, SLC35A5,
CDCA4, EPN3, SUSD4, ZCWPW1, DET1, TAPBPL, RADX, GPATCH1, SLFN12, AGGF1,
DYNC2I1, XKR8, TMEM39B, SRBD1, LRRC8D, DARS2, CEP55, CENPQ, MRPS18A, DNAAF2,
MRPS10, RMDN3, DNAJC17, EVA1B, FAM86C1P, MAP1S, DCUN1D2, P3H2, EXD2, USP40,
TYW1, WDR41, DNAI7, PSPC1, C4orf19, TMEM40, RHOT1, UEVLD, FBXW7, CCDC91, RSAD1,
AGPAT5, FBXL8, SHFL, PLCXD1, TCP11L1, HJURP, HEMGN, PIDD1, NDUFAF7, PARL,
SLC35E3, ELAC1, TRIM36, PIP4P2, ZNF821, STAB2, KIF27, ITLN1, ANKRD10, TRMT1,
TTC27, POMGNT1, OSGEP, SLC48A1, ZNF692, ZNF416, ZNF446, URGCP, SLC30A6, IWS1,
RABL6, LUC7L, ARHGEF40, FAR2, TENM3, IQCC, CEP72, INTS13, FIRRM, PARVA,
CDK5RAP2, RCOR3, DHX32, INAVA, TXLNG, DDX28, ADAP2, FOXJ2, DCAF6, GLT8D1, EAF2,
PLGRKT, ACOT13, TMEM165, BEX1, TMEM126B, HDAC8, ZKSCAN7, ZC4H2, BIN3, NKRF,
MYDGF, PDGFC, TMEM234, PCDHB11, ANKH, TMX4, BEX4, METTL3, LTB4R2, CTPS2, KCNQ5,
INPP5E, TMPRSS4, KCMF1, WRNIP1, MCCC1, LXN, SMCO4, MFF, SDR39U1, C5orf15, MEPE,
OTUD7B, C14orf132, COQ9, RARS2, CASS4, RPGRIP1, ANO2, C12orf4, PDSS2, CD248,
MAN1C1, APMAP, ADCK1, SLC44A2, PELI2, ASPHD2, VARS2, THOC2, SNX14, RCN3,
ZNF286A, CLK4, WDR18, PPM1H, AMIGO1, GRAMD1B, NLN, KIDINS220, MAVS, ZNF608,
XPO5, HECW2, TBC1D14, ELAPOR1, LRRC7, KLHL8, ZNF319, BEGAIN, STIM2, LRFN1,
SH3RF1, CCDC146, GRAMD1A, HCN3, KIAA1549, GPAM, MAGEE1, USP37, DDX55, GPR107,
WDR19, ANKRA2, MARK4, GATAD1, HES4, CYP4F11, SLC4A5, SRPRB, RHOU, NLRC4,
RPRD1B, JAM2, ZNF462, DLGAP3, ENPP5, NTN4, UBL5, TRPV4, SCPEP1, SLC25A19,
PPCDC, CCDC81, NAA35, DHX35, C14orf93, ABHD4, PIEZO2, MANBAL, GALNT11, MRPS14,
PRDM16, PRDM15, MAGEF1, VSIR, ROBO3, COP1, LMBR1, HS1BP3, CHST8, GREM2, PALS1,
GZF1, SUSD1, POLR1E, CIAO3, ACTR6, MRPS25, CTAGE1, METTL17, SMYD3, RUSF1,
FHIP2B, IPPK, ENGASE, RMND5B, IFT22, DDX31, EFCAB6, ARV1, TUT1, USP46, NIBAN2,
VWA1, METTL4, SLC30A5, TTC23, NT5DC2, MRPL41, MRPL40, MRPL36, NDRG4, PINK1,
JMJD4, ZNF649, MPPE1, MRPS34, LYNX1, DUSP26, CRELD1, PCYOX1L, VKORC1, DBNDD1,
DDA1, GGCT, NUP37, SPATA5L1, INTS15, SECISBP2, TMEM223, TMEM109, DSCC1, DCTPP1,
TMUB2, CARD14, DHX58, APOO, RETREG2, PHF23, CHCHD7, MMP28, ZSCAN5A, FA2H, IRX3,
CPLANE2, LRFN3, WDR25, TTC13, ABHD8, CDC73, MRPL24, OBI1, CEP97, RIC3, ACSS3,
SNRNP25, NDNF, OCEL1, FAM184A, SRD5A3, HSPBAP1, NLRX1, FN3KRP, VEPH1, MSANTD2,
MANEA, ZMAT4, C11orf80, COLGALT1, ZBBX, SLC25A22, ASB13, GEMIN7, KATNBL1,
MCTP1, ZFHX4, CCDC82, CLMN, FBXO31, GSDMD, GSTCD, PTCD2, AGMAT, NIPAL2,
CATSPERB, CAMKMT, METTL8, TMC5, ZNF669, TCTN2, ALG13, BAALC, NUDT18, RABEP2,
DCAKD, ATP8B4, NUP85, NAA60, BTNL8, ACTR5, SETD6, MRM1, NANOG, DOK3, KIAA0319L,
COQ8B, ZNF696, NOL10, ERMP1, PAQR6, CEP76, WDR76, WLS, TRMT2B, POF1B, STN1,
C10orf88, PSME3IP1, MINDY3, NAA25, FOXRED2, PANK2, `HEXA-AS1`, TRIM46, ZNF703,
PTGES2, ASRGL1, CENPT, SPSB1, CEP290, TMEM254, TM2D3, ALPK1, CFAP43, NUBPL,
SLC35F5, ATOSB, EFHC2, ITPKC, SCUBE1, FLAD1, CXXC4, CEP70, COASY, SKIC8,
TSGA10, IQCN, LY6G5C, PRR7, ITIH5, ZNF34, CMIP, TAS1R1, ILKAP, TMPRSS5, WNT5B,
CLPTM1L, ITFG1, YIPF5, CSRNP2, CDADC1, ITM2C, DIAPH3, ISCA1, TIGD6, NETO2,
RNF146, QTRT1, SLIRP, HDHD3, TCF7L1, INO80B, PMFBP1, EMC6, UCK1, SOX7,
AMMECR1L, C11orf68, CCDC3, SESN2, CRISPLD2, GRWD1, RBP5, TMTC1, RSPH3, HMCN1,
TM2D2, SPRTN, IFI27L2, KATNAL1, WDR54, DTNBP1, ANKRD27, USP44, PRAM1, QRFPR,
TOMM40L, EVA1A, ABRAXAS1, RNASEH2C, RPF2, ELMOD3, SLA2, SPATC1L, TRAF7, RHBDD1,
MRI1, GARNL3, SLC37A3, FLYWCH1, SYT3, DCUN1D5, HSDL2, ALKBH7, QNG1, CHCHD5,
NICN1, DNAJC30, TMEM175, EFCAB2, PRXL2A, NUDT16L1, VPS25, MON1A, CCDC77, CMSS1,
ZBED3, LZIC, ZNF414, PCGF5, GFM2, ECRG4, ABLIM2, MCM8, CNFN, JAGN1, CDIN1,
TMEM185A, PARD6G, MAP1LC3A, COL25A1, ST6GAL2, AFAP1L2, HINT2, MS4A14, GARIN1B,
CREB3L3, GTPBP3, PIGO, PLEKHA8, FAM167B, USP30, FUT10, MPV17L2, BUD13, LMNB2,
PHF5A, SPPL2A, ADO, ATAD1, ZNF382, ALG10, SLC49A4, C8orf76, RITA1, PWWP3A,
TIGD5, RELT, ALKBH6, ATG4D, DISP1, TMEM128, PPIL4, SHISAL1, ALG2, NKD1,
SLC22A16, HELZ2, TSPYL5, TNKS1BP1, SCIN, CCDC65, DNAJC5B, TSLP, PNPT1, UMODL1,
NAV3, NAV1, PPP1R3F, ABCC10, ATG16L2, DYNC2I2, TMEM116, PAPLN, RHOT2, CCDC120,
PHLDB2, HS6ST2, ZSWIM1, TP53I13, THAP3, IFT20, ZNF835, SCRN2, MLIP, ZNF625,
ZNF486, PRMT9, ZNF598, TRIM41, ESAM, ADCK2, KIFC2, CREB3L1, CCDC149, CCDC34,
TRIM47, TMEM67, SLC39A13, UAP1L1, ZNF502, UBXN11, SMDT1, CHRDL1, CALML4, TTC5,
TIMD4, ARRDC4, DSEL, MTG1, UBTD2, MRPS36, ZNF461, CAPN13, GORAB, SPECC1, MOB1B,
DTD1, TMEM169, ARRDC1, UBE2Q2, CCDC102A, MARS2, B3GNT7, OLFM2, IGSF8, PGAP3,
MVB12A, ARHGAP18, CADPS2, ATP5IF1, RP1L1, FOXQ1, CEP41, PRRT2, SAT2, RWDD2A,
RDH13, VPS26B, MTFR2, CMTM1, CYP2U1, CYGB, CSMD2, TUBGCP5, `PSMG3-AS1`, KLHL29,
RHPN1, PTPMT1, WDR31, ZNF618, HAUS1, ZNF554, ATG4A, SLC25A26, MALSU1, ZNF689,
NOSTRIN, ARHGAP33, CTHRC1, ZNF653, OSR2, ZNF526, SLC26A8, OLIG1, LEAP2,
SLC18B1, ACAP3, AGAP1, AGAP3, ZNF354B, UBE2J2, CHCHD1, ZFYVE27, ANKRD22, PDZD8,
GSTO2, SFR1, CYP2R1, TMEM52B, NEDD1, IKBIP, SPIC, ANKRD9, TRAPPC6B, MRPL52,
LRR1, JDP2, ACOT4, SLC25A29, DEGS2, SENP8, NIPA1, CMTM3, SPATA2L, CDYL2,
TMEM219, HEXIM2, CYB5D2, CLDND2, OSCAR, JOSD2, ZNF573, TMIGD2, TNFAIP8L1,
ZNF57, CYP4F22, KDF1, B3GALT6, SLC44A3, LYPLAL1, ZNF684, C1orf216, TATDN3,
SPATA25, PROKR2, PIGU, EMID1, XIRP2, NEU4, CLHC1, OSR1, ZNF513, LYPD6, CCDC148,
KCNH8, CHCHD4, FAM43A, NUDT16, METTL6, TAMM41, LIN54, SPATA18, FAM241A, PACRGL,
LSM11, NUDCD2, HUS1B, LLCFC1, ZNF786, PTPDC1, FUNDC1, MYL6B, MYO3B, TRIM69,
MROH8, SAMD10, BRI3BP, SOGA1, NEURL2, ZNF280B, C10orf82, LDLRAD3, UBQLNL,
KBTBD3, POGLUT3, PRICKLE1, C12orf60, FAM161B, TTC7B, FAM81A, HAPLN3, FBXL16,
IL34, FLJ30679, `KRT10-AS1`, CBLN2, ANKRD29, IGFL2, ZNF582, ZNF681, SYT6,
SAMD13, PHF13, B3GALNT2, GCSAML, BNIPL, CCDC17, BPIFB4, LINC00896, HSCB,
COMMD1, PUS10, PPP1R1C, SLC38A11, LRATD1, RMDN2, UPP2, GPR155, PP2D1, CCDC12,
XXYLT1, FGD5, JAKMIP1, TRMT44, SRFBP1, FAM81B, SH3RF2, ABCA13, AMOTL1, CDCA2,
LRATD2, CFAP418, SBSPON, MAMDC4, RASEF, ZNF483, NKAPP1, ZDHHC15, SLC35G1,
CLEC12A, FITM1, ZNF320, ZNF550, ZNF296, EID2, LGI4, DENND1B, LRRN4, CCDC116,
OXER1, GPR156, RNF168, SPATA5, DCLK2, ZNF366, TCEANC, TMEM273, NUDT10, CLYBL,
PGAM5, AGO3, SCAMP5, IMMP1L, RILPL2, DTX3, EEF2KMT, PAOX, UBR1, MLKL, WDR90,
THAP8, U2AF1L4, FAM76A, SPAG17, CREG2, FBXO45, TRIM65, TAPT1, DNAJC18, TSNARE1,
C9orf72, NAIF1, FAM219A, ANKS6, SLC25A43, YPEL4, CCNY, TBATA, SLC37A2, TPCN2,
CCDC83, ZNF438, SLC16A9, FAM13C, ZNF485, SKA3, ARMC12, PRR15, SCUBE3, NYAP1,
TTTY10, ZNF396, NEIL2, EPHX4, SLC25A30, CADM2, METAP1D, CALHM5, SLC41A1,
LPCAT4, TMEM256, ZDHHC23, MCOLN2, COL24A1, DYNLT2B, ST6GALNAC3, LYSMD2, MAP7D2,
NEGR1, NCR3, SGMS1, NALCN, TAS2R19, TAS2R50, IL4I1, BEST4, MDGA1, PGBD2, MKX,
KCTD21, DPY19L2, SLC46A3, GPR137C, TEDC1, CES4A, HEXD, MILR1, SLC26A11, METRNL,
LYPD5, ZNF763, WDR62, VSTM1, SEC14L4, EPHA6, RELL2, RGMB, NSMCE2, LINC02904,
SCAI, ATP11C, CCDC85C, DDX51, KRT73, RAB37, MMAB, SNAI3, ANKRD13D, TMEM119,
RAB43, ZNF678, APRG1, SLC35F4, ZNF677, PLCXD3, KIF24, RBPMS2, WDR53, NMNAT3,
ZNF429, LILRA5, MAST4, VWC2, SLC27A1, ZKSCAN4, RASL11A, TMEM220, CAPN8, NUDT19,
IDNK, PIM3, PEF1, FAM83G, LYPD8, ZBTB8A, DNLZ, TMEM242, Tissue_type, Study)`
